<?xml version="1.0" encoding="UTF-8"?><testsuite errors="0" failures="1" name="Academy Choucair As a user, I want to learn how to automate in screamplay at the choucair academy with the automation course" skipped="0" tests="1" time="39.53" timestamp="2021-03-30 10:46:08"><testcase name="Search for automation course"><failure message="The following error occurred: Expected enabled element was not enabled" type="net.thucydides.core.webdriver.exceptions.ElementShouldBeEnabledException">The following error occurred: Expected enabled element was not enabled</failure><system-err>The following error occurred: Expected enabled element was not enabled&#13;
co.com.choucair.certification.proyectobase.tasks.Search.performAs(Search.java:26)&#13;
co.com.choucair.certification.proyectobase.stepdefinitions.ChoucairAcademyStepDefintions.heSearchForTheCourseRecursosAutomatizaciónBancolombiaOnTheChoucairAcademyPlatform(ChoucairAcademyStepDefintions.java:36)&#13;
cucumber.runner.Runner.runPickle(Runner.java:80)&#13;
</system-err></testcase></testsuite>